Medical Aadhar/app/build/intermediates/manifest_merge_blame_file/release/manifest-merger-blame-release-report.txt
1<?xml version="1.0" encoding="utf-8"?>
2<manifest xmlns:android="http://schemas.android.com/apk/res/android"
3    package="com.medicalaadharpharmacy.medicalaadharpharmacy"
4    android:versionCode="6"
5    android:versionName="6.0" >
6
7    <uses-sdk
8        android:minSdkVersion="21"
8-->src\main\AndroidManifest.xml
9        android:targetSdkVersion="30" />
9-->src\main\AndroidManifest.xml
10
11    <uses-permission android:name="android.permission.WRITE_EXTERNAL_STORAGE" />
11-->src\main\AndroidManifest.xml:5:5-81
11-->src\main\AndroidManifest.xml:5:22-78
12    <uses-permission android:name="android.permission.ACCESS_NETWORK_STATE" />
12-->src\main\AndroidManifest.xml:6:5-79
12-->src\main\AndroidManifest.xml:6:22-76
13    <uses-permission android:name="android.permission.CHANGE_NETWORK_STATE" />
13-->src\main\AndroidManifest.xml:7:5-79
13-->src\main\AndroidManifest.xml:7:22-76
14    <uses-permission android:name="android.permission.INTERNET" />
14-->src\main\AndroidManifest.xml:8:5-67
14-->src\main\AndroidManifest.xml:8:22-64
15    <uses-permission android:name="android.permission.ACCESS_COARSE_LOCATION" />
15-->src\main\AndroidManifest.xml:9:5-81
15-->src\main\AndroidManifest.xml:9:22-78
16    <uses-permission android:name="android.permission.ACCESS_FINE_LOCATION" />
16-->src\main\AndroidManifest.xml:10:5-79
16-->src\main\AndroidManifest.xml:10:22-76
17    <uses-permission android:name="android.permission.FOREGROUND_SERVICE" />
17-->src\main\AndroidManifest.xml:11:5-77
17-->src\main\AndroidManifest.xml:11:22-74
18    <uses-permission android:name="android.permission.CAMERA" />
18-->src\main\AndroidManifest.xml:12:5-65
18-->src\main\AndroidManifest.xml:12:22-62
19    <uses-permission android:name="android.permission.ACCESS_WIFI_STATE" /> <!-- Create a unique permission for your app and use it so only your app can receive your OneSignal messages. -->
19-->[com.google.android.libraries.places:places:2.3.0] AndroidManifest.xml:10:5-76
19-->[com.google.android.libraries.places:places:2.3.0] AndroidManifest.xml:10:22-73
20    <permission
20-->[com.onesignal:OneSignal:3.15.3] AndroidManifest.xml:7:5-9:47
21        android:name="com.medicalaadharpharmacy.medicalaadharpharmacy.permission.C2D_MESSAGE"
21-->[com.onesignal:OneSignal:3.15.3] AndroidManifest.xml:8:9-63
22        android:protectionLevel="signature" />
22-->[com.onesignal:OneSignal:3.15.3] AndroidManifest.xml:9:9-44
23
24    <uses-permission android:name="com.medicalaadharpharmacy.medicalaadharpharmacy.permission.C2D_MESSAGE" />
24-->[com.onesignal:OneSignal:3.15.3] AndroidManifest.xml:11:5-79
24-->[com.onesignal:OneSignal:3.15.3] AndroidManifest.xml:11:22-76
25    <uses-permission android:name="com.google.android.c2dm.permission.RECEIVE" /> <!-- Required, makes sure notifications are delivered on time. -->
25-->[com.onesignal:OneSignal:3.15.3] AndroidManifest.xml:17:5-82
25-->[com.onesignal:OneSignal:3.15.3] AndroidManifest.xml:17:22-79
26    <uses-permission android:name="android.permission.WAKE_LOCK" />
26-->[com.onesignal:OneSignal:3.15.3] AndroidManifest.xml:18:5-68
26-->[com.onesignal:OneSignal:3.15.3] AndroidManifest.xml:18:22-65
27    <!--
28 Required so the device vibrates on receiving a push notification.
29         Vibration settings of the device still apply.
30    -->
31    <uses-permission android:name="android.permission.VIBRATE" />
31-->[com.onesignal:OneSignal:3.15.3] AndroidManifest.xml:23:5-66
31-->[com.onesignal:OneSignal:3.15.3] AndroidManifest.xml:23:22-63
32    <!--
33 Use to restore notifications the user hasn't interacted with.
34         They could be missed notifications if the user reboots their device if this isn't in place.
35    -->
36    <uses-permission android:name="android.permission.RECEIVE_BOOT_COMPLETED" /> <!-- START: ShortcutBadger -->
36-->[com.onesignal:OneSignal:3.15.3] AndroidManifest.xml:29:5-81
36-->[com.onesignal:OneSignal:3.15.3] AndroidManifest.xml:29:22-78
37    <!-- Samsung -->
38    <uses-permission android:name="com.sec.android.provider.badge.permission.READ" />
38-->[com.onesignal:OneSignal:3.15.3] AndroidManifest.xml:31:5-86
38-->[com.onesignal:OneSignal:3.15.3] AndroidManifest.xml:31:22-83
39    <uses-permission android:name="com.sec.android.provider.badge.permission.WRITE" /> <!-- HTC -->
39-->[com.onesignal:OneSignal:3.15.3] AndroidManifest.xml:32:5-87
39-->[com.onesignal:OneSignal:3.15.3] AndroidManifest.xml:32:22-84
40    <uses-permission android:name="com.htc.launcher.permission.READ_SETTINGS" />
40-->[com.onesignal:OneSignal:3.15.3] AndroidManifest.xml:33:5-81
40-->[com.onesignal:OneSignal:3.15.3] AndroidManifest.xml:33:22-78
41    <uses-permission android:name="com.htc.launcher.permission.UPDATE_SHORTCUT" /> <!-- Sony -->
41-->[com.onesignal:OneSignal:3.15.3] AndroidManifest.xml:34:5-83
41-->[com.onesignal:OneSignal:3.15.3] AndroidManifest.xml:34:22-80
42    <uses-permission android:name="com.sonyericsson.home.permission.BROADCAST_BADGE" />
42-->[com.onesignal:OneSignal:3.15.3] AndroidManifest.xml:35:5-88
42-->[com.onesignal:OneSignal:3.15.3] AndroidManifest.xml:35:22-85
43    <uses-permission android:name="com.sonymobile.home.permission.PROVIDER_INSERT_BADGE" /> <!-- Apex -->
43-->[com.onesignal:OneSignal:3.15.3] AndroidManifest.xml:36:5-92
43-->[com.onesignal:OneSignal:3.15.3] AndroidManifest.xml:36:22-89
44    <uses-permission android:name="com.anddoes.launcher.permission.UPDATE_COUNT" /> <!-- Solid -->
44-->[com.onesignal:OneSignal:3.15.3] AndroidManifest.xml:37:5-84
44-->[com.onesignal:OneSignal:3.15.3] AndroidManifest.xml:37:22-81
45    <uses-permission android:name="com.majeur.launcher.permission.UPDATE_BADGE" /> <!-- Huawei -->
45-->[com.onesignal:OneSignal:3.15.3] AndroidManifest.xml:38:5-83
45-->[com.onesignal:OneSignal:3.15.3] AndroidManifest.xml:38:22-80
46    <uses-permission android:name="com.huawei.android.launcher.permission.CHANGE_BADGE" />
46-->[com.onesignal:OneSignal:3.15.3] AndroidManifest.xml:39:5-91
46-->[com.onesignal:OneSignal:3.15.3] AndroidManifest.xml:39:22-88
47    <uses-permission android:name="com.huawei.android.launcher.permission.READ_SETTINGS" />
47-->[com.onesignal:OneSignal:3.15.3] AndroidManifest.xml:40:5-92
47-->[com.onesignal:OneSignal:3.15.3] AndroidManifest.xml:40:22-89
48    <uses-permission android:name="com.huawei.android.launcher.permission.WRITE_SETTINGS" /> <!-- ZUK -->
48-->[com.onesignal:OneSignal:3.15.3] AndroidManifest.xml:41:5-93
48-->[com.onesignal:OneSignal:3.15.3] AndroidManifest.xml:41:22-90
49    <uses-permission android:name="android.permission.READ_APP_BADGE" /> <!-- OPPO -->
49-->[com.onesignal:OneSignal:3.15.3] AndroidManifest.xml:42:5-73
49-->[com.onesignal:OneSignal:3.15.3] AndroidManifest.xml:42:22-70
50    <uses-permission android:name="com.oppo.launcher.permission.READ_SETTINGS" />
50-->[com.onesignal:OneSignal:3.15.3] AndroidManifest.xml:43:5-82
50-->[com.onesignal:OneSignal:3.15.3] AndroidManifest.xml:43:22-79
51    <uses-permission android:name="com.oppo.launcher.permission.WRITE_SETTINGS" /> <!-- EvMe -->
51-->[com.onesignal:OneSignal:3.15.3] AndroidManifest.xml:44:5-83
51-->[com.onesignal:OneSignal:3.15.3] AndroidManifest.xml:44:22-80
52    <uses-permission android:name="me.everything.badger.permission.BADGE_COUNT_READ" />
52-->[com.onesignal:OneSignal:3.15.3] AndroidManifest.xml:45:5-88
52-->[com.onesignal:OneSignal:3.15.3] AndroidManifest.xml:45:22-85
53    <uses-permission android:name="me.everything.badger.permission.BADGE_COUNT_WRITE" />
53-->[com.onesignal:OneSignal:3.15.3] AndroidManifest.xml:46:5-89
53-->[com.onesignal:OneSignal:3.15.3] AndroidManifest.xml:46:22-86
54
55    <uses-feature
55-->[com.google.android.gms:play-services-maps:17.0.0] AndroidManifest.xml:26:5-28:35
56        android:glEsVersion="0x00020000"
56-->[com.google.android.gms:play-services-maps:17.0.0] AndroidManifest.xml:27:9-41
57        android:required="true" />
57-->[com.google.android.gms:play-services-maps:17.0.0] AndroidManifest.xml:28:9-32
58
59    <uses-permission android:name="android.permission.READ_EXTERNAL_STORAGE" />
59-->[com.paytm:pgplussdk:1.4.4] AndroidManifest.xml:11:5-80
59-->[com.paytm:pgplussdk:1.4.4] AndroidManifest.xml:11:22-77
60    <uses-permission android:name="com.google.android.finsky.permission.BIND_GET_INSTALL_REFERRER_SERVICE" />
60-->[com.google.android.gms:play-services-measurement:17.5.0] AndroidManifest.xml:26:5-110
60-->[com.google.android.gms:play-services-measurement:17.5.0] AndroidManifest.xml:26:22-107
61
62    <uses-feature
62-->[io.card:android-sdk:5.5.1] AndroidManifest.xml:12:5-14:36
63        android:name="android.hardware.camera"
63-->[io.card:android-sdk:5.5.1] AndroidManifest.xml:13:9-47
64        android:required="false" />
64-->[io.card:android-sdk:5.5.1] AndroidManifest.xml:14:9-33
65    <uses-feature
65-->[io.card:android-sdk:5.5.1] AndroidManifest.xml:15:5-17:36
66        android:name="android.hardware.camera.autofocus"
66-->[io.card:android-sdk:5.5.1] AndroidManifest.xml:16:9-57
67        android:required="false" />
67-->[io.card:android-sdk:5.5.1] AndroidManifest.xml:17:9-33
68
69    <application
69-->src\main\AndroidManifest.xml:14:5-85:19
70        android:name="com.medicalaadharpharmacy.medicalaadharpharmacy.MyApplication"
70-->src\main\AndroidManifest.xml:15:9-85
71        android:allowBackup="true"
71-->src\main\AndroidManifest.xml:16:9-35
72        android:appComponentFactory="androidx.core.app.CoreComponentFactory"
72-->[androidx.core:core:1.3.1] AndroidManifest.xml:24:18-86
73        android:icon="@mipmap/logo"
73-->src\main\AndroidManifest.xml:17:9-36
74        android:label="@string/app_name"
74-->src\main\AndroidManifest.xml:18:9-41
75        android:roundIcon="@mipmap/logo"
75-->src\main\AndroidManifest.xml:19:9-41
76        android:supportsRtl="true"
76-->src\main\AndroidManifest.xml:20:9-35
77        android:theme="@style/AppTheme.NoActionBar"
77-->src\main\AndroidManifest.xml:21:9-52
78        android:usesCleartextTraffic="true" >
78-->src\main\AndroidManifest.xml:22:9-44
79        <activity
79-->src\main\AndroidManifest.xml:23:9-25:39
80            android:name="com.medicalaadharpharmacy.medicalaadharpharmacy.ui.PresCartActivity"
80-->src\main\AndroidManifest.xml:24:13-95
81            android:exported="true" />
81-->src\main\AndroidManifest.xml:25:13-36
82        <activity android:name="com.medicalaadharpharmacy.medicalaadharpharmacy.ui.ForgotActivity" />
82-->src\main\AndroidManifest.xml:26:9-102
82-->src\main\AndroidManifest.xml:26:19-99
83        <activity android:name="com.medicalaadharpharmacy.medicalaadharpharmacy.ui.NotificationActivity" />
83-->src\main\AndroidManifest.xml:27:9-108
83-->src\main\AndroidManifest.xml:27:19-105
84        <activity android:name="com.medicalaadharpharmacy.medicalaadharpharmacy.ui.ChanegPasswordActivity" />
84-->src\main\AndroidManifest.xml:28:9-110
84-->src\main\AndroidManifest.xml:28:19-107
85        <activity android:name="com.medicalaadharpharmacy.medicalaadharpharmacy.ui.ChanegForgetPasswordActivity" />
85-->src\main\AndroidManifest.xml:29:9-116
85-->src\main\AndroidManifest.xml:29:19-113
86        <activity android:name="com.medicalaadharpharmacy.medicalaadharpharmacy.ui.SearchActivity" />
86-->src\main\AndroidManifest.xml:30:9-102
86-->src\main\AndroidManifest.xml:30:19-99
87        <activity android:name="com.medicalaadharpharmacy.medicalaadharpharmacy.ui.PrivacyPolicyActivity" />
87-->src\main\AndroidManifest.xml:31:9-109
87-->src\main\AndroidManifest.xml:31:19-106
88        <activity android:name="com.medicalaadharpharmacy.medicalaadharpharmacy.ui.TramandconditionActivity" />
88-->src\main\AndroidManifest.xml:32:9-112
88-->src\main\AndroidManifest.xml:32:19-109
89        <activity android:name="com.medicalaadharpharmacy.medicalaadharpharmacy.ui.ContactActivity" />
89-->src\main\AndroidManifest.xml:33:9-103
89-->src\main\AndroidManifest.xml:33:19-100
90        <activity android:name="com.medicalaadharpharmacy.medicalaadharpharmacy.ui.AboutActivity" />
90-->src\main\AndroidManifest.xml:34:9-101
90-->src\main\AndroidManifest.xml:34:19-98
91        <activity android:name="com.medicalaadharpharmacy.medicalaadharpharmacy.ui.PaytmChecksum" />
91-->src\main\AndroidManifest.xml:35:9-101
91-->src\main\AndroidManifest.xml:35:19-98
92        <activity android:name="com.medicalaadharpharmacy.medicalaadharpharmacy.ui.UploadPrescriptionActivity" />
92-->src\main\AndroidManifest.xml:36:9-114
92-->src\main\AndroidManifest.xml:36:19-111
93        <activity android:name="com.medicalaadharpharmacy.medicalaadharpharmacy.ui.CartUploadPrescriptionActivity" />
93-->src\main\AndroidManifest.xml:37:9-118
93-->src\main\AndroidManifest.xml:37:19-115
94        <activity android:name="com.medicalaadharpharmacy.medicalaadharpharmacy.locationpick.LocationGetActivity" />
94-->src\main\AndroidManifest.xml:38:9-117
94-->src\main\AndroidManifest.xml:38:19-114
95        <activity android:name="com.medicalaadharpharmacy.medicalaadharpharmacy.ui.OrderDetailsActivity" />
95-->src\main\AndroidManifest.xml:39:9-108
95-->src\main\AndroidManifest.xml:39:19-105
96        <activity android:name="com.medicalaadharpharmacy.medicalaadharpharmacy.ui.PrescriptionOrderDetailsActivity" />
96-->src\main\AndroidManifest.xml:40:9-120
96-->src\main\AndroidManifest.xml:40:19-117
97        <activity android:name="com.medicalaadharpharmacy.medicalaadharpharmacy.ui.OrderActivity" />
97-->src\main\AndroidManifest.xml:41:9-101
97-->src\main\AndroidManifest.xml:41:19-98
98        <activity android:name="com.medicalaadharpharmacy.medicalaadharpharmacy.ui.PrescriptionOrderActivity" />
98-->src\main\AndroidManifest.xml:42:9-113
98-->src\main\AndroidManifest.xml:42:19-110
99        <activity android:name="com.medicalaadharpharmacy.medicalaadharpharmacy.ui.SettingActivity" />
99-->src\main\AndroidManifest.xml:43:9-103
99-->src\main\AndroidManifest.xml:43:19-100
100        <activity android:name="com.medicalaadharpharmacy.medicalaadharpharmacy.ui.ProfileActivity" />
100-->src\main\AndroidManifest.xml:44:9-103
100-->src\main\AndroidManifest.xml:44:19-100
101        <activity android:name="com.medicalaadharpharmacy.medicalaadharpharmacy.ui.EditProfileActivity" />
101-->src\main\AndroidManifest.xml:45:9-107
101-->src\main\AndroidManifest.xml:45:19-104
102        <activity android:name="com.medicalaadharpharmacy.medicalaadharpharmacy.ui.LoginActivity" />
102-->src\main\AndroidManifest.xml:46:9-101
102-->src\main\AndroidManifest.xml:46:19-98
103        <activity android:name="com.medicalaadharpharmacy.medicalaadharpharmacy.ui.SignupActivity" />
103-->src\main\AndroidManifest.xml:47:9-102
103-->src\main\AndroidManifest.xml:47:19-99
104        <activity android:name="com.medicalaadharpharmacy.medicalaadharpharmacy.ui.VerifyPhoneActivity" />
104-->src\main\AndroidManifest.xml:48:9-107
104-->src\main\AndroidManifest.xml:48:19-104
105        <activity android:name="com.medicalaadharpharmacy.medicalaadharpharmacy.ui.VerifyOTPActivity" />
105-->src\main\AndroidManifest.xml:49:9-105
105-->src\main\AndroidManifest.xml:49:19-102
106        <activity android:name="com.medicalaadharpharmacy.medicalaadharpharmacy.ui.CompleOrderActivity" />
106-->src\main\AndroidManifest.xml:50:9-107
106-->src\main\AndroidManifest.xml:50:19-104
107        <activity android:name="com.medicalaadharpharmacy.medicalaadharpharmacy.ui.PaymentOptionActivity" />
107-->src\main\AndroidManifest.xml:51:9-109
107-->src\main\AndroidManifest.xml:51:19-106
108        <activity android:name="com.medicalaadharpharmacy.medicalaadharpharmacy.ui.CartActivity" />
108-->src\main\AndroidManifest.xml:52:9-100
108-->src\main\AndroidManifest.xml:52:19-97
109        <activity android:name="com.medicalaadharpharmacy.medicalaadharpharmacy.ui.AddressActivity" />
109-->src\main\AndroidManifest.xml:53:9-103
109-->src\main\AndroidManifest.xml:53:19-100
110        <activity android:name="com.medicalaadharpharmacy.medicalaadharpharmacy.ui.ProductDetailsActivity" />
110-->src\main\AndroidManifest.xml:54:9-110
110-->src\main\AndroidManifest.xml:54:19-107
111        <activity android:name="com.medicalaadharpharmacy.medicalaadharpharmacy.ui.HomeActivity" />
111-->src\main\AndroidManifest.xml:55:9-100
111-->src\main\AndroidManifest.xml:55:19-97
112        <activity android:name="com.medicalaadharpharmacy.medicalaadharpharmacy.ui.CoupunActivity" />
112-->src\main\AndroidManifest.xml:56:9-102
112-->src\main\AndroidManifest.xml:56:19-99
113        <activity android:name="com.medicalaadharpharmacy.medicalaadharpharmacy.ui.RazerpayActivity" />
113-->src\main\AndroidManifest.xml:57:9-104
113-->src\main\AndroidManifest.xml:57:19-101
114        <activity android:name="com.medicalaadharpharmacy.medicalaadharpharmacy.ui.PaypalActivity" />
114-->src\main\AndroidManifest.xml:58:9-102
114-->src\main\AndroidManifest.xml:58:19-99
115        <activity android:name="com.medicalaadharpharmacy.medicalaadharpharmacy.ui.StripPaymentActivity" />
115-->src\main\AndroidManifest.xml:59:9-108
115-->src\main\AndroidManifest.xml:59:19-105
116        <activity android:name="com.medicalaadharpharmacy.medicalaadharpharmacy.ui.IntroActivity" >
116-->src\main\AndroidManifest.xml:60:9-67:20
116-->src\main\AndroidManifest.xml:60:19-98
117            <intent-filter>
117-->src\main\AndroidManifest.xml:62:13-66:29
118                <action android:name="android.intent.action.MAIN" />
118-->src\main\AndroidManifest.xml:63:17-69
118-->src\main\AndroidManifest.xml:63:25-66
119
120                <category android:name="android.intent.category.LAUNCHER" />
120-->src\main\AndroidManifest.xml:65:17-77
120-->src\main\AndroidManifest.xml:65:27-74
121            </intent-filter>
122        </activity>
123        <activity
123-->src\main\AndroidManifest.xml:68:9-70:47
124            android:name="com.medicalaadharpharmacy.medicalaadharpharmacy.ui.ImagePreviewActivity"
124-->src\main\AndroidManifest.xml:69:13-99
125            android:theme="@style/AppTheme" />
125-->src\main\AndroidManifest.xml:70:13-44
126
127        <meta-data
127-->src\main\AndroidManifest.xml:72:9-74:47
128            android:name="com.google.android.geo.API_KEY"
128-->src\main\AndroidManifest.xml:73:13-58
129            android:value="@string/api_key" />
129-->src\main\AndroidManifest.xml:74:13-44
130
131        <provider
132            android:name="androidx.core.content.FileProvider"
132-->src\main\AndroidManifest.xml:77:13-62
133            android:authorities="com.medicalaadharpharmacy.medicalaadharpharmacy.provider"
133-->src\main\AndroidManifest.xml:78:13-60
134            android:exported="false"
134-->src\main\AndroidManifest.xml:79:13-37
135            android:grantUriPermissions="true" >
135-->src\main\AndroidManifest.xml:80:13-47
136            <meta-data
136-->src\main\AndroidManifest.xml:81:13-83:58
137                android:name="android.support.FILE_PROVIDER_PATHS"
137-->src\main\AndroidManifest.xml:82:17-67
138                android:resource="@xml/provider_paths" />
138-->src\main\AndroidManifest.xml:83:17-55
139        </provider>
140
141        <activity
141-->[com.stripe:stripe-android:14.5.0] AndroidManifest.xml:12:9-14:57
142            android:name="com.stripe.android.view.AddPaymentMethodActivity"
142-->[com.stripe:stripe-android:14.5.0] AndroidManifest.xml:13:13-76
143            android:theme="@style/StripeDefaultTheme" />
143-->[com.stripe:stripe-android:14.5.0] AndroidManifest.xml:14:13-54
144        <activity
144-->[com.stripe:stripe-android:14.5.0] AndroidManifest.xml:15:9-17:57
145            android:name="com.stripe.android.view.PaymentMethodsActivity"
145-->[com.stripe:stripe-android:14.5.0] AndroidManifest.xml:16:13-74
146            android:theme="@style/StripeDefaultTheme" />
146-->[com.stripe:stripe-android:14.5.0] AndroidManifest.xml:17:13-54
147        <activity
147-->[com.stripe:stripe-android:14.5.0] AndroidManifest.xml:18:9-20:57
148            android:name="com.stripe.android.view.PaymentFlowActivity"
148-->[com.stripe:stripe-android:14.5.0] AndroidManifest.xml:19:13-71
149            android:theme="@style/StripeDefaultTheme" />
149-->[com.stripe:stripe-android:14.5.0] AndroidManifest.xml:20:13-54
150        <activity
150-->[com.stripe:stripe-android:14.5.0] AndroidManifest.xml:21:9-23:57
151            android:name="com.stripe.android.view.PaymentAuthWebViewActivity"
151-->[com.stripe:stripe-android:14.5.0] AndroidManifest.xml:22:13-78
152            android:theme="@style/StripeDefaultTheme" />
152-->[com.stripe:stripe-android:14.5.0] AndroidManifest.xml:23:13-54
153        <activity
153-->[com.stripe:stripe-android:14.5.0] AndroidManifest.xml:24:9-26:57
154            android:name="com.stripe.android.view.PaymentRelayActivity"
154-->[com.stripe:stripe-android:14.5.0] AndroidManifest.xml:25:13-72
155            android:theme="@style/StripeDefaultTheme" />
155-->[com.stripe:stripe-android:14.5.0] AndroidManifest.xml:26:13-54
156        <activity
156-->[com.stripe:stripe-android:14.5.0] AndroidManifest.xml:27:9-29:57
157            android:name="com.stripe.android.view.Stripe3ds2CompletionActivity"
157-->[com.stripe:stripe-android:14.5.0] AndroidManifest.xml:28:13-80
158            android:theme="@style/StripeDefaultTheme" />
158-->[com.stripe:stripe-android:14.5.0] AndroidManifest.xml:29:13-54
159        <activity
159-->[com.stripe:stripe-3ds2-android:3.0.2] AndroidManifest.xml:12:9-14:54
160            android:name="com.stripe.android.stripe3ds2.views.ChallengeActivity"
160-->[com.stripe:stripe-3ds2-android:3.0.2] AndroidManifest.xml:13:13-81
161            android:theme="@style/Stripe3DS2Theme" />
161-->[com.stripe:stripe-3ds2-android:3.0.2] AndroidManifest.xml:14:13-51
162        <activity
162-->[com.stripe:stripe-3ds2-android:3.0.2] AndroidManifest.xml:15:9-17:54
163            android:name="com.stripe.android.stripe3ds2.views.ChallengeProgressDialogActivity"
163-->[com.stripe:stripe-3ds2-android:3.0.2] AndroidManifest.xml:16:13-95
164            android:theme="@style/Stripe3DS2Theme" />
164-->[com.stripe:stripe-3ds2-android:3.0.2] AndroidManifest.xml:17:13-51
165        <activity
165-->[com.google.android.libraries.places:places:2.3.0] AndroidManifest.xml:14:9-20:20
166            android:name="com.google.android.libraries.places.widget.AutocompleteActivity"
166-->[com.google.android.libraries.places:places:2.3.0] AndroidManifest.xml:15:13-91
167            android:exported="false"
167-->[com.google.android.libraries.places:places:2.3.0] AndroidManifest.xml:16:13-37
168            android:label="@string/places_autocomplete_label"
168-->[com.google.android.libraries.places:places:2.3.0] AndroidManifest.xml:17:13-62
169            android:theme="@style/PlacesAutocompleteOverlay"
169-->[com.google.android.libraries.places:places:2.3.0] AndroidManifest.xml:18:13-61
170            android:windowSoftInputMode="adjustResize" >
170-->[com.google.android.libraries.places:places:2.3.0] AndroidManifest.xml:19:13-55
171        </activity>
172
173        <meta-data
173-->[com.onesignal:OneSignal:3.15.3] AndroidManifest.xml:49:9-51:51
174            android:name="onesignal_app_id"
174-->[com.onesignal:OneSignal:3.15.3] AndroidManifest.xml:50:13-44
175            android:value="eb2e6eb7-ca1b-4c43-9d96-0ee5833941f4" /> <!-- Deprecated - Pulled from OneSignal dashboard. -->
175-->[com.onesignal:OneSignal:3.15.3] AndroidManifest.xml:51:13-48
176        <meta-data
176-->[com.onesignal:OneSignal:3.15.3] AndroidManifest.xml:53:9-55:70
177            android:name="onesignal_google_project_number"
177-->[com.onesignal:OneSignal:3.15.3] AndroidManifest.xml:54:13-59
178            android:value="str:REMOTE" />
178-->[com.onesignal:OneSignal:3.15.3] AndroidManifest.xml:55:13-67
179
180        <receiver
180-->[com.onesignal:OneSignal:3.15.3] AndroidManifest.xml:57:9-67:20
181            android:name="com.onesignal.GcmBroadcastReceiver"
181-->[com.onesignal:OneSignal:3.15.3] AndroidManifest.xml:58:13-62
182            android:permission="com.google.android.c2dm.permission.SEND" >
182-->[com.onesignal:OneSignal:3.15.3] AndroidManifest.xml:59:13-73
183
184            <!-- High priority so OneSignal payloads can be filtered from other GCM receivers if filterOtherGCMReceivers is enabled. -->
185            <intent-filter android:priority="999" >
185-->[com.onesignal:OneSignal:3.15.3] AndroidManifest.xml:62:13-66:29
185-->[com.onesignal:OneSignal:3.15.3] AndroidManifest.xml:62:28-50
186                <action android:name="com.google.android.c2dm.intent.RECEIVE" />
186-->[com.onesignal:OneSignal:3.15.3] AndroidManifest.xml:63:17-81
186-->[com.onesignal:OneSignal:3.15.3] AndroidManifest.xml:63:25-78
187
188                <category android:name="com.medicalaadharpharmacy.medicalaadharpharmacy" />
188-->[com.onesignal:OneSignal:3.15.3] AndroidManifest.xml:65:17-61
188-->[com.onesignal:OneSignal:3.15.3] AndroidManifest.xml:65:27-58
189            </intent-filter>
190        </receiver>
191        <receiver android:name="com.onesignal.NotificationOpenedReceiver" />
191-->[com.onesignal:OneSignal:3.15.3] AndroidManifest.xml:68:9-77
191-->[com.onesignal:OneSignal:3.15.3] AndroidManifest.xml:68:19-74
192
193        <service
193-->[com.onesignal:OneSignal:3.15.3] AndroidManifest.xml:70:9-76:19
194            android:name="com.onesignal.HmsMessageServiceOneSignal"
194-->[com.onesignal:OneSignal:3.15.3] AndroidManifest.xml:71:13-68
195            android:exported="false" >
195-->[com.onesignal:OneSignal:3.15.3] AndroidManifest.xml:72:13-37
196            <intent-filter>
196-->[com.onesignal:OneSignal:3.15.3] AndroidManifest.xml:73:13-75:29
197                <action android:name="com.huawei.push.action.MESSAGING_EVENT" />
197-->[com.onesignal:OneSignal:3.15.3] AndroidManifest.xml:74:17-81
197-->[com.onesignal:OneSignal:3.15.3] AndroidManifest.xml:74:25-78
198            </intent-filter>
199        </service>
200
201        <activity
201-->[com.onesignal:OneSignal:3.15.3] AndroidManifest.xml:78:9-84:20
202            android:name="com.onesignal.NotificationOpenedActivityHMS"
202-->[com.onesignal:OneSignal:3.15.3] AndroidManifest.xml:79:13-71
203            android:theme="@android:style/Theme.Translucent.NoTitleBar" >
203-->[com.onesignal:OneSignal:3.15.3] AndroidManifest.xml:80:13-72
204            <intent-filter>
204-->[com.onesignal:OneSignal:3.15.3] AndroidManifest.xml:81:13-83:29
205                <action android:name="android.intent.action.VIEW" />
205-->[com.onesignal:OneSignal:3.15.3] AndroidManifest.xml:82:17-69
205-->[com.onesignal:OneSignal:3.15.3] AndroidManifest.xml:82:25-66
206            </intent-filter>
207        </activity>
208
209        <service android:name="com.onesignal.GcmIntentService" />
209-->[com.onesignal:OneSignal:3.15.3] AndroidManifest.xml:86:9-66
209-->[com.onesignal:OneSignal:3.15.3] AndroidManifest.xml:86:18-63
210        <service
210-->[com.onesignal:OneSignal:3.15.3] AndroidManifest.xml:87:9-89:72
211            android:name="com.onesignal.GcmIntentJobService"
211-->[com.onesignal:OneSignal:3.15.3] AndroidManifest.xml:88:13-61
212            android:permission="android.permission.BIND_JOB_SERVICE" />
212-->[com.onesignal:OneSignal:3.15.3] AndroidManifest.xml:89:13-69
213        <service
213-->[com.onesignal:OneSignal:3.15.3] AndroidManifest.xml:90:9-92:72
214            android:name="com.onesignal.RestoreJobService"
214-->[com.onesignal:OneSignal:3.15.3] AndroidManifest.xml:91:13-59
215            android:permission="android.permission.BIND_JOB_SERVICE" />
215-->[com.onesignal:OneSignal:3.15.3] AndroidManifest.xml:92:13-69
216        <service
216-->[com.onesignal:OneSignal:3.15.3] AndroidManifest.xml:93:9-95:72
217            android:name="com.onesignal.RestoreKickoffJobService"
217-->[com.onesignal:OneSignal:3.15.3] AndroidManifest.xml:94:13-66
218            android:permission="android.permission.BIND_JOB_SERVICE" />
218-->[com.onesignal:OneSignal:3.15.3] AndroidManifest.xml:95:13-69
219        <service
219-->[com.onesignal:OneSignal:3.15.3] AndroidManifest.xml:96:9-98:43
220            android:name="com.onesignal.SyncService"
220-->[com.onesignal:OneSignal:3.15.3] AndroidManifest.xml:97:13-53
221            android:stopWithTask="true" />
221-->[com.onesignal:OneSignal:3.15.3] AndroidManifest.xml:98:13-40
222        <service
222-->[com.onesignal:OneSignal:3.15.3] AndroidManifest.xml:99:9-101:72
223            android:name="com.onesignal.SyncJobService"
223-->[com.onesignal:OneSignal:3.15.3] AndroidManifest.xml:100:13-56
224            android:permission="android.permission.BIND_JOB_SERVICE" />
224-->[com.onesignal:OneSignal:3.15.3] AndroidManifest.xml:101:13-69
225
226        <activity
226-->[com.onesignal:OneSignal:3.15.3] AndroidManifest.xml:103:9-105:75
227            android:name="com.onesignal.PermissionsActivity"
227-->[com.onesignal:OneSignal:3.15.3] AndroidManifest.xml:104:13-61
228            android:theme="@android:style/Theme.Translucent.NoTitleBar" />
228-->[com.onesignal:OneSignal:3.15.3] AndroidManifest.xml:105:13-72
229
230        <service android:name="com.onesignal.NotificationRestoreService" />
230-->[com.onesignal:OneSignal:3.15.3] AndroidManifest.xml:107:9-76
230-->[com.onesignal:OneSignal:3.15.3] AndroidManifest.xml:107:18-73
231
232        <receiver android:name="com.onesignal.BootUpReceiver" >
232-->[com.onesignal:OneSignal:3.15.3] AndroidManifest.xml:109:9-114:20
232-->[com.onesignal:OneSignal:3.15.3] AndroidManifest.xml:109:19-62
233            <intent-filter>
233-->[com.onesignal:OneSignal:3.15.3] AndroidManifest.xml:110:13-113:29
234                <action android:name="android.intent.action.BOOT_COMPLETED" />
234-->[com.onesignal:OneSignal:3.15.3] AndroidManifest.xml:111:17-79
234-->[com.onesignal:OneSignal:3.15.3] AndroidManifest.xml:111:25-76
235                <action android:name="android.intent.action.QUICKBOOT_POWERON" />
235-->[com.onesignal:OneSignal:3.15.3] AndroidManifest.xml:112:17-82
235-->[com.onesignal:OneSignal:3.15.3] AndroidManifest.xml:112:25-79
236            </intent-filter>
237        </receiver>
238        <receiver android:name="com.onesignal.UpgradeReceiver" >